<?xml version="1.0" encoding="UTF-8"?>
<testsuites name="jest tests" tests="3" failures="0" time="11.003">
  <testsuite name="Zadanie" errors="0" failures="0" skipped="0" timestamp="2022-12-26T17:22:31" time="7.437" tests="3">
    <testcase classname="Zadanie" name="Dodano div" time="0.015">
    </testcase>
    <testcase classname="Zadanie" name="Szerokość równa 90%" time="0.019">
    </testcase>
    <testcase classname="Zadanie" name="Ma 3 divy w środku po 1/3 szerokości" time="0.008">
    </testcase>
  </testsuite>
</testsuites>