<?xml version="1.0" encoding="UTF-8"?>
<testsuites name="jest tests" tests="3" failures="0" time="2.758">
  <testsuite name="Zadanie" errors="0" failures="0" skipped="0" timestamp="2020-03-09T12:54:01" time="2.246" tests="3">
    <testcase classname="Zadanie" name="Dodano div" time="0.009">
    </testcase>
    <testcase classname="Zadanie" name="Szerokość równa 90%" time="0.005">
    </testcase>
    <testcase classname="Zadanie" name="Ma 3 divy w środku po 1/3 szerokości" time="0.003">
    </testcase>
  </testsuite>
</testsuites>